C51 COMPILER V9.54   MATRIXKEY                                                             12/24/2023 19:01:35 PAGE 1   


C51 COMPILER V9.54, COMPILATION OF MODULE MATRIXKEY
OBJECT MODULE PLACED IN .\Objects\MatrixKey.obj
COMPILER INVOKED BY: C:\Program Files (x86)\Keil_v5\C51\BIN\C51.EXE MatrixKey.c LARGE OPTIMIZE(8,SPEED) BROWSE DEBUG OBJ
                    -ECTEXTEND PRINT(.\Listings\MatrixKey.lst) TABS(2) OBJECT(.\Objects\MatrixKey.obj)

line level    source

   1          #include <REGX52.H>
   2          #include "Delay.h"
   3          #include "draw.h"
   4          #include "LCD1602.h"
   5          #include "MatrixKey.h"
   6          
   7          /**
   8            * @brief  çŸ©é˜µé”®ç›˜è¯»å–æŒ‰é”®é”®ç 
   9            * @param  æ— 
  10            * @retval KeyNumber æŒ‰ä¸‹æŒ‰é”®çš„é”®ç å€¼
  11                å¦‚æœæŒ‰é”®æŒ‰ä¸‹ä¸æ”¾ï¼Œç¨‹åºä¼šåœç•™åœ¨æ­¤å‡½æ•°ï¼Œæ¾æ‰‹çš„ä¸€ç¬é—´ï¼Œè¿”å›æŒ‰é”®é”®ç ï¼Œæ²¡æ
             -œ‰æŒ‰é”®æŒ‰ä¸‹æ—¶ï¼Œè¿”å›0
  12            */
  13          unsigned char getnumber()
  14          {
  15   1        unsigned char KeyNumber=0;
  16   1        
  17   1        P1=0xFF;
  18   1        P1_3=0;
  19   1        
  20   1        if(P1_7==0){Delayxm(20);while(P1_7==0);Delayxm(20);KeyNumber=1;}
  21   1        if(P1_6==0){Delayxm(20);while(P1_6==0);Delayxm(20);KeyNumber=4;}
  22   1        if(P1_5==0){Delayxm(20);while(P1_5==0);Delayxm(20);KeyNumber=7;}
  23   1        if(P1_4==0){Delayxm(20);while(P1_4==0);Delayxm(20);KeyNumber=0;}
  24   1        
  25   1        P1=0xFF;
  26   1        P1_2=0;
  27   1        if(P1_7==0){Delayxm(20);while(P1_7==0);Delayxm(20);KeyNumber=2;}
  28   1        if(P1_6==0){Delayxm(20);while(P1_6==0);Delayxm(20);KeyNumber=5;}
  29   1        if(P1_5==0){Delayxm(20);while(P1_5==0);Delayxm(20);KeyNumber=8;}
  30   1        if(P1_4==0){Delayxm(20);while(P1_4==0);Delayxm(20);KeyNumber=11;}
  31   1        
  32   1        
  33   1        P1=0xFF;
  34   1        P1_1=0;
  35   1        if(P1_7==0){Delayxm(20);while(P1_7==0);Delayxm(20);KeyNumber=3;}
  36   1        if(P1_6==0){Delayxm(20);while(P1_6==0);Delayxm(20);KeyNumber=6;}
  37   1        if(P1_5==0){Delayxm(20);while(P1_5==0);Delayxm(20);KeyNumber=9;}
  38   1        if(P1_4==0){Delayxm(20);while(P1_4==0);Delayxm(20);KeyNumber=12;}
  39   1      //  P1=0xFF;
  40   1      //  P1_1=0;
  41   1      //  if(P1_7==0){Delayxm(20);while(P1_7==0);Delayxm(20);KeyNumber=3;}
  42   1        
  43   1        return KeyNumber;
  44   1      }
  45          void gongneng(unsigned char speed)
  46          {
  47   1        
  48   1        
  49   1        P1=0xFF;
  50   1        P1_2=0;
  51   1        if(P1_7==0)
  52   1        {Delayxm(20);while(P1_7==0){LCD_ShowString(2,1,"go -X");go_onestep('x',0,500,speed);};}
  53   1        if(P1_5==0)
C51 COMPILER V9.54   MATRIXKEY                                                             12/24/2023 19:01:35 PAGE 2   

  54   1        {Delayxm(20);while(P1_5==0){LCD_ShowString(2,1,"go +X");go_onestep('x',1,500,speed);};}
  55   1        
  56   1        P1=0xFF;
  57   1        P1_3=0;
  58   1        if(P1_6==0)
  59   1        {Delayxm(10);while(P1_6==0){LCD_ShowString(2,1,"go -Y");go_onestep('y',0,500,speed);};}
  60   1        
  61   1        P1=0xFF;
  62   1        P1_1=0;
  63   1        if(P1_6==0)
  64   1        {Delayxm(10);while(P1_6==0){LCD_ShowString(2,1,"go +Y");go_onestep('y',1,500,speed);};}
  65   1      
  66   1      }
  67          
  68          void Int1Init()
  69          {
  70   1        //è®¾ç½®INT1
  71   1        IT1=1;//è·³å˜æ²¿å‡ºå‘æ–¹å¼ï¼ˆä¸‹é™æ²¿ï¼‰
  72   1        EX1=1;//æ‰“å¼€INT1çš„ä¸­æ–­å…è®¸ã€‚  
  73   1        EA=1;//æ‰“å¼€æ€»ä¸­æ–­  
  74   1      }
  75          void Int0Init()
  76          {
  77   1        //è®¾ç½®INT0
  78   1        IT0=1;//è·³å˜æ²¿å‡ºå‘æ–¹å¼ï¼ˆä¸‹é™æ²¿ï¼‰
  79   1        EX0=1;//æ‰“å¼€INT0çš„ä¸­æ–­å…è®¸ã€‚  
  80   1        EA=1;//æ‰“å¼€æ€»ä¸­æ–­  
  81   1      }
  82          
  83          unsigned char keypros()
  84          {
  85   1        unsigned char r;
  86   1        if(k1==0)     //æ£€æµ‹æŒ‰é”®K1æ˜¯å¦æŒ‰ä¸‹
  87   1        { 
  88   2           Delayxm(10);  //æ¶ˆé™¤æŠ–åŠ¨ ä¸€èˆ¬å¤§çº¦10ms
  89   2          if(k1==0)  //å†æ¬¡åˆ¤æ–­æŒ‰é”®æ˜¯å¦æŒ‰ä¸‹
  90   2          {
  91   3            r=1;
  92   3          }
  93   2          while(!k1);  //æ£€æµ‹æŒ‰é”®æ˜¯å¦æ¾å¼€
  94   2        }   
  95   1        if(k2==0)     //æ£€æµ‹æŒ‰é”®K1æ˜¯å¦æŒ‰ä¸‹
  96   1        { 
  97   2           Delayxm(10);  //æ¶ˆé™¤æŠ–åŠ¨ ä¸€èˆ¬å¤§çº¦10ms
  98   2          if(k2==0)  //å†æ¬¡åˆ¤æ–­æŒ‰é”®æ˜¯å¦æŒ‰ä¸‹
  99   2          { 
 100   3            r=2;
 101   3          }
 102   2          while(!k2);  //æ£€æµ‹æŒ‰é”®æ˜¯å¦æ¾å¼€,æˆ‘æ˜¯é‡‘åˆšè…¿
 103   2        }
 104   1        return r;
 105   1      }


MODULE INFORMATION:   STATIC OVERLAYABLE
   CODE SIZE        =    635    ----
   CONSTANT SIZE    =     24    ----
   XDATA SIZE       =   ----       3
   PDATA SIZE       =   ----    ----
   DATA SIZE        =   ----    ----
   IDATA SIZE       =   ----    ----
   BIT SIZE         =   ----    ----
C51 COMPILER V9.54   MATRIXKEY                                                             12/24/2023 19:01:35 PAGE 3   

END OF MODULE INFORMATION.


C51 COMPILATION COMPLETE.  0 WARNING(S),  0 ERROR(S)
